<?xml version="1.0" encoding="UTF-8"?>
<!-- Generated by org.testng.reporters.JUnitXMLReporter -->
<testsuite ignored="0" hostname="DESKTOP-8G140BE" failures="0" tests="6" name="Default test" time="36.14" errors="0" timestamp="2023-09-15T15:59:19 IST">
  <testcase classname="com.aadhar.test.AadharCitizen" name="ChromeBrowser" time="1.984"/>
  <testcase classname="com.aadhar.test.AadharCitizen" name="CitizenCheck" time="10.344"/>
  <testcase classname="com.aadhar.test.AadharRegister" name="ChromeBrowser" time="0.842"/>
  <testcase classname="com.aadhar.test.AadharRegister" name="TestHome" time="7.827"/>
  <testcase classname="com.aadhar.test.AadharAdmin" name="ChromeBrowser" time="0.905"/>
  <testcase classname="com.aadhar.test.AadharAdmin" name="TestHome" time="14.166"/>
</testsuite> <!-- Default test -->
