<?xml version="1.0" encoding="UTF-8"?>
<testng-results ignored="0" total="6" passed="6" failed="0" skipped="0">
  <reporter-output>
  </reporter-output>
  <suite started-at="2023-09-15T15:58:42 IST" name="Default suite" finished-at="2023-09-15T15:59:18 IST" duration-ms="36140">
    <groups>
    </groups>
    <test started-at="2023-09-15T15:58:42 IST" name="Default test" finished-at="2023-09-15T15:59:18 IST" duration-ms="36140">
      <class name="com.aadhar.test.AadharCitizen">
        <test-method signature="ChromeBrowser()[pri:0, instance:com.aadhar.test.AadharCitizen@51399530]" started-at="2023-09-15T15:58:42 IST" name="ChromeBrowser" finished-at="2023-09-15T15:58:44 IST" duration-ms="1984" status="PASS">
          <reporter-output>
          </reporter-output>
        </test-method> <!-- ChromeBrowser -->
        <test-method signature="CitizenCheck()[pri:0, instance:com.aadhar.test.AadharCitizen@51399530]" started-at="2023-09-15T15:58:44 IST" name="CitizenCheck" finished-at="2023-09-15T15:58:55 IST" duration-ms="10344" status="PASS">
          <reporter-output>
          </reporter-output>
        </test-method> <!-- CitizenCheck -->
      </class> <!-- com.aadhar.test.AadharCitizen -->
      <class name="com.aadhar.test.AadharRegister">
        <test-method signature="ChromeBrowser()[pri:0, instance:com.aadhar.test.AadharRegister@5bf0d49]" started-at="2023-09-15T15:58:55 IST" name="ChromeBrowser" finished-at="2023-09-15T15:58:56 IST" duration-ms="842" status="PASS">
          <reporter-output>
          </reporter-output>
        </test-method> <!-- ChromeBrowser -->
        <test-method signature="TestHome()[pri:0, instance:com.aadhar.test.AadharRegister@5bf0d49]" started-at="2023-09-15T15:58:56 IST" name="TestHome" finished-at="2023-09-15T15:59:03 IST" duration-ms="7827" status="PASS">
          <reporter-output>
          </reporter-output>
        </test-method> <!-- TestHome -->
      </class> <!-- com.aadhar.test.AadharRegister -->
      <class name="com.aadhar.test.AadharAdmin">
        <test-method signature="ChromeBrowser()[pri:0, instance:com.aadhar.test.AadharAdmin@5b7a5baa]" started-at="2023-09-15T15:59:03 IST" name="ChromeBrowser" finished-at="2023-09-15T15:59:04 IST" duration-ms="905" status="PASS">
          <reporter-output>
          </reporter-output>
        </test-method> <!-- ChromeBrowser -->
        <test-method signature="TestHome()[pri:0, instance:com.aadhar.test.AadharAdmin@5b7a5baa]" started-at="2023-09-15T15:59:04 IST" name="TestHome" finished-at="2023-09-15T15:59:18 IST" duration-ms="14166" status="PASS">
          <reporter-output>
          </reporter-output>
        </test-method> <!-- TestHome -->
      </class> <!-- com.aadhar.test.AadharAdmin -->
    </test> <!-- Default test -->
  </suite> <!-- Default suite -->
</testng-results>
